Release 14.5 - xst P.58f (nt64)
Copyright (c) 1995-2012 Xilinx, Inc.  All rights reserved.
--> Parameter TMPDIR set to xst/projnav.tmp


Total REAL time to Xst completion: 0.00 secs
Total CPU time to Xst completion: 0.11 secs
 
--> Parameter xsthdpdir set to xst


Total REAL time to Xst completion: 0.00 secs
Total CPU time to Xst completion: 0.11 secs
 
--> Reading design: ALU.prj

TABLE OF CONTENTS
  1) Synthesis Options Summary
  2) HDL Parsing
  3) HDL Elaboration
  4) HDL Synthesis
       4.1) HDL Synthesis Report
  5) Advanced HDL Synthesis
       5.1) Advanced HDL Synthesis Report
  6) Low Level Synthesis
  7) Partition Report
  8) Design Summary
       8.1) Primitive and Black Box Usage
       8.2) Device utilization summary
       8.3) Partition Resource Summary
       8.4) Timing Report
            8.4.1) Clock Information
            8.4.2) Asynchronous Control Signals Information
            8.4.3) Timing Summary
            8.4.4) Timing Details
            8.4.5) Cross Clock Domains Report


=========================================================================
*                      Synthesis Options Summary                        *
=========================================================================
---- Source Parameters
Input File Name                    : "ALU.prj"
Ignore Synthesis Constraint File   : NO

---- Target Parameters
Output File Name                   : "ALU"
Output Format                      : NGC
Target Device                      : xc7a100t-3-csg324

---- Source Options
Top Module Name                    : ALU
Automatic FSM Extraction           : YES
FSM Encoding Algorithm             : Auto
Safe Implementation                : No
FSM Style                          : LUT
RAM Extraction                     : Yes
RAM Style                          : Auto
ROM Extraction                     : Yes
Shift Register Extraction          : YES
ROM Style                          : Auto
Resource Sharing                   : YES
Asynchronous To Synchronous        : NO
Shift Register Minimum Size        : 2
Use DSP Block                      : Auto
Automatic Register Balancing       : No

---- Target Options
LUT Combining                      : Auto
Reduce Control Sets                : Auto
Add IO Buffers                     : YES
Global Maximum Fanout              : 100000
Add Generic Clock Buffer(BUFG)     : 32
Register Duplication               : YES
Optimize Instantiated Primitives   : NO
Use Clock Enable                   : Auto
Use Synchronous Set                : Auto
Use Synchronous Reset              : Auto
Pack IO Registers into IOBs        : Auto
Equivalent register Removal        : YES

---- General Options
Optimization Goal                  : Speed
Optimization Effort                : 1
Power Reduction                    : NO
Keep Hierarchy                     : No
Netlist Hierarchy                  : As_Optimized
RTL Output                         : Yes
Global Optimization                : AllClockNets
Read Cores                         : YES
Write Timing Constraints           : NO
Cross Clock Analysis               : NO
Hierarchy Separator                : /
Bus Delimiter                      : <>
Case Specifier                     : Maintain
Slice Utilization Ratio            : 100
BRAM Utilization Ratio             : 100
DSP48 Utilization Ratio            : 100
Auto BRAM Packing                  : NO
Slice Utilization Ratio Delta      : 5

=========================================================================


=========================================================================
*                          HDL Parsing                                  *
=========================================================================
Parsing VHDL file "C:\Users\Windows\Desktop\CO Final Project\Project\ALU.vhd" into library work
Parsing entity <ALU>.
Parsing architecture <Behavioral> of entity <alu>.

=========================================================================
*                            HDL Elaboration                            *
=========================================================================

Elaborating entity <ALU> (architecture <Behavioral>) from library <work>.

=========================================================================
*                           HDL Synthesis                               *
=========================================================================

Synthesizing Unit <ALU>.
    Related source file is "C:\Users\Windows\Desktop\CO Final Project\Project\ALU.vhd".
    Found 32-bit adder for signal <g> created at line 49.
    Found 32-bit subtractor for signal <s> created at line 44.
    Summary:
	inferred   2 Adder/Subtractor(s).
	inferred  13 Multiplexer(s).
Unit <ALU> synthesized.

=========================================================================
HDL Synthesis Report

Macro Statistics
# Adders/Subtractors                                   : 2
 32-bit adder                                          : 1
 32-bit subtractor                                     : 1
# Multiplexers                                         : 13
 32-bit 2-to-1 multiplexer                             : 13

=========================================================================
INFO:Xst:1767 - HDL ADVISOR - Resource sharing has identified that some arithmetic operations in this design can share the same physical resources for reduced device utilization. For improved clock frequency you may try to disable resource sharing.

=========================================================================
*                       Advanced HDL Synthesis                          *
=========================================================================


=========================================================================
Advanced HDL Synthesis Report

Macro Statistics
# Adders/Subtractors                                   : 2
 32-bit adder                                          : 1
 32-bit subtractor                                     : 1
# Multiplexers                                         : 13
 32-bit 2-to-1 multiplexer                             : 13

=========================================================================

=========================================================================
*                         Low Level Synthesis                           *
=========================================================================

Optimizing unit <ALU> ...

Mapping all equations...
Building and optimizing final netlist ...
Found area constraint ratio of 100 (+ 5) on block ALU, actual ratio is 0.

Final Macro Processing ...

=========================================================================
Final Register Report

Found no macro
=========================================================================

=========================================================================
*                           Partition Report                            *
=========================================================================

Partition Implementation Status
-------------------------------

  No Partitions were found in this design.

-------------------------------

=========================================================================
*                            Design Summary                             *
=========================================================================

Top Level Output File Name         : ALU.ngc

Primitive and Black Box Usage:
------------------------------
# BELS                             : 264
#      GND                         : 1
#      LUT2                        : 32
#      LUT3                        : 1
#      LUT4                        : 2
#      LUT5                        : 34
#      LUT6                        : 67
#      MUXCY                       : 62
#      VCC                         : 1
#      XORCY                       : 64
# IO Buffers                       : 101
#      IBUF                        : 68
#      OBUF                        : 33

Device utilization summary:
---------------------------

Selected Device : 7a100tcsg324-3 


Slice Logic Utilization: 
 Number of Slice LUTs:                  136  out of  63400     0%  
    Number used as Logic:               136  out of  63400     0%  

Slice Logic Distribution: 
 Number of LUT Flip Flop pairs used:    136
   Number with an unused Flip Flop:     136  out of    136   100%  
   Number with an unused LUT:             0  out of    136     0%  
   Number of fully used LUT-FF pairs:     0  out of    136     0%  
   Number of unique control sets:         0

IO Utilization: 
 Number of IOs:                         101
 Number of bonded IOBs:                 101  out of    210    48%  

Specific Feature Utilization:

---------------------------
Partition Resource Summary:
---------------------------

  No Partitions were found in this design.

---------------------------


=========================================================================
Timing Report

NOTE: THESE TIMING NUMBERS ARE ONLY A SYNTHESIS ESTIMATE.
      FOR ACCURATE TIMING INFORMATION PLEASE REFER TO THE TRACE REPORT
      GENERATED AFTER PLACE-and-ROUTE.

Clock Information:
------------------
No clock signals found in this design

Asynchronous Control Signals Information:
----------------------------------------
No asynchronous control signals found in this design

Timing Summary:
---------------
Speed Grade: -3

   Minimum period: No path found
   Minimum input arrival time before clock: No path found
   Maximum output required time after clock: No path found
   Maximum combinational path delay: 6.833ns

Timing Details:
---------------
All values displayed in nanoseconds (ns)

=========================================================================
Timing constraint: Default path analysis
  Total number of paths / destination ports: 89758 / 33
-------------------------------------------------------------------------
Delay:               6.833ns (Levels of Logic = 43)
  Source:            data1<0> (PAD)
  Destination:       zflag (PAD)

  Data Path: data1<0> to zflag
                                Gate     Net
    Cell:in->out      fanout   Delay   Delay  Logical Name (Net Name)
    ----------------------------------------  ------------
     IBUF:I->O             3   0.001   0.389  data1_0_IBUF (data1_0_IBUF)
     LUT2:I0->O            1   0.097   0.000  Msub_s_lut<0> (Msub_s_lut<0>)
     MUXCY:S->O            1   0.353   0.000  Msub_s_cy<0> (Msub_s_cy<0>)
     MUXCY:CI->O           1   0.023   0.000  Msub_s_cy<1> (Msub_s_cy<1>)
     MUXCY:CI->O           1   0.023   0.000  Msub_s_cy<2> (Msub_s_cy<2>)
     MUXCY:CI->O           1   0.023   0.000  Msub_s_cy<3> (Msub_s_cy<3>)
     MUXCY:CI->O           1   0.023   0.000  Msub_s_cy<4> (Msub_s_cy<4>)
     MUXCY:CI->O           1   0.023   0.000  Msub_s_cy<5> (Msub_s_cy<5>)
     MUXCY:CI->O           1   0.023   0.000  Msub_s_cy<6> (Msub_s_cy<6>)
     MUXCY:CI->O           1   0.023   0.000  Msub_s_cy<7> (Msub_s_cy<7>)
     MUXCY:CI->O           1   0.023   0.000  Msub_s_cy<8> (Msub_s_cy<8>)
     MUXCY:CI->O           1   0.023   0.000  Msub_s_cy<9> (Msub_s_cy<9>)
     MUXCY:CI->O           1   0.023   0.000  Msub_s_cy<10> (Msub_s_cy<10>)
     MUXCY:CI->O           1   0.023   0.000  Msub_s_cy<11> (Msub_s_cy<11>)
     MUXCY:CI->O           1   0.023   0.000  Msub_s_cy<12> (Msub_s_cy<12>)
     MUXCY:CI->O           1   0.023   0.000  Msub_s_cy<13> (Msub_s_cy<13>)
     MUXCY:CI->O           1   0.023   0.000  Msub_s_cy<14> (Msub_s_cy<14>)
     MUXCY:CI->O           1   0.023   0.000  Msub_s_cy<15> (Msub_s_cy<15>)
     MUXCY:CI->O           1   0.023   0.000  Msub_s_cy<16> (Msub_s_cy<16>)
     MUXCY:CI->O           1   0.023   0.000  Msub_s_cy<17> (Msub_s_cy<17>)
     MUXCY:CI->O           1   0.023   0.000  Msub_s_cy<18> (Msub_s_cy<18>)
     MUXCY:CI->O           1   0.023   0.000  Msub_s_cy<19> (Msub_s_cy<19>)
     MUXCY:CI->O           1   0.023   0.000  Msub_s_cy<20> (Msub_s_cy<20>)
     MUXCY:CI->O           1   0.023   0.000  Msub_s_cy<21> (Msub_s_cy<21>)
     MUXCY:CI->O           1   0.023   0.000  Msub_s_cy<22> (Msub_s_cy<22>)
     MUXCY:CI->O           1   0.023   0.000  Msub_s_cy<23> (Msub_s_cy<23>)
     MUXCY:CI->O           1   0.023   0.000  Msub_s_cy<24> (Msub_s_cy<24>)
     MUXCY:CI->O           1   0.023   0.000  Msub_s_cy<25> (Msub_s_cy<25>)
     MUXCY:CI->O           1   0.023   0.000  Msub_s_cy<26> (Msub_s_cy<26>)
     MUXCY:CI->O           1   0.023   0.000  Msub_s_cy<27> (Msub_s_cy<27>)
     MUXCY:CI->O           1   0.023   0.000  Msub_s_cy<28> (Msub_s_cy<28>)
     MUXCY:CI->O           1   0.023   0.000  Msub_s_cy<29> (Msub_s_cy<29>)
     MUXCY:CI->O           0   0.023   0.000  Msub_s_cy<30> (Msub_s_cy<30>)
     XORCY:CI->O           2   0.370   0.384  Msub_s_xor<31> (s<31>)
     LUT6:I4->O            1   0.097   0.683  Mmux__n0047_A12 (Mmux__n0047_rs_A<0>)
     LUT5:I0->O            1   0.097   0.000  Mmux__n0047_rs_lut<0> (Mmux__n0047_rs_lut<0>)
     MUXCY:S->O            1   0.353   0.000  Mmux__n0047_rs_cy<0> (Mmux__n0047_rs_cy<0>)
     XORCY:CI->O           1   0.370   0.379  Mmux__n0047_rs_xor<1> (_n0047<1>)
     LUT5:I3->O            2   0.097   0.697  Mmux_dataout121 (dataout_1_OBUF)
     LUT6:I0->O            1   0.097   0.511  zflag<31>1 (zflag<31>)
     LUT5:I2->O            1   0.097   0.693  zflag<31>2 (zflag<31>1)
     LUT6:I0->O            1   0.097   0.279  zflag<31>7 (zflag_OBUF)
     OBUF:I->O                 0.000          zflag_OBUF (zflag)
    ----------------------------------------
    Total                      6.833ns (2.816ns logic, 4.017ns route)
                                       (41.2% logic, 58.8% route)

=========================================================================

Cross Clock Domains Report:
--------------------------

=========================================================================


Total REAL time to Xst completion: 10.00 secs
Total CPU time to Xst completion: 9.74 secs
 
--> 

Total memory usage is 4614448 kilobytes

Number of errors   :    0 (   0 filtered)
Number of warnings :    0 (   0 filtered)
Number of infos    :    1 (   0 filtered)

